CRITICAL - 2024-06-27 23:23:12 --> CodeIgniter\Database\Exceptions\DatabaseException: Deletes are not allowed unless they contain a "where" or "like" clause.
[Method: DELETE, Route: cliente/0]
in SYSTEMPATH\Database\BaseBuilder.php on line 2794.
 1 SYSTEMPATH\Model.php(510): CodeIgniter\Database\BaseBuilder->delete()
 2 SYSTEMPATH\BaseModel.php(1158): CodeIgniter\Model->doDelete('0', false)
 3 APPPATH\Controllers\Cliente.php(150): CodeIgniter\BaseModel->delete('0')
 4 SYSTEMPATH\CodeIgniter.php(933): App\Controllers\Cliente->delete('0')
 5 SYSTEMPATH\CodeIgniter.php(509): CodeIgniter\CodeIgniter->runController(Object(App\Controllers\Cliente))
 6 SYSTEMPATH\CodeIgniter.php(355): CodeIgniter\CodeIgniter->handleRequest(null, Object(Config\Cache), false)
 7 SYSTEMPATH\Boot.php(312): CodeIgniter\CodeIgniter->run()
 8 SYSTEMPATH\Boot.php(67): CodeIgniter\Boot::runCodeIgniter(Object(CodeIgniter\CodeIgniter))
 9 FCPATH\index.php(56): CodeIgniter\Boot::bootWeb(Object(Config\Paths))
CRITICAL - 2024-06-27 23:23:19 --> CodeIgniter\Database\Exceptions\DatabaseException: Deletes are not allowed unless they contain a "where" or "like" clause.
[Method: DELETE, Route: cliente/0]
in SYSTEMPATH\Database\BaseBuilder.php on line 2794.
 1 SYSTEMPATH\Model.php(510): CodeIgniter\Database\BaseBuilder->delete()
 2 SYSTEMPATH\BaseModel.php(1158): CodeIgniter\Model->doDelete('0', false)
 3 APPPATH\Controllers\Cliente.php(150): CodeIgniter\BaseModel->delete('0')
 4 SYSTEMPATH\CodeIgniter.php(933): App\Controllers\Cliente->delete('0')
 5 SYSTEMPATH\CodeIgniter.php(509): CodeIgniter\CodeIgniter->runController(Object(App\Controllers\Cliente))
 6 SYSTEMPATH\CodeIgniter.php(355): CodeIgniter\CodeIgniter->handleRequest(null, Object(Config\Cache), false)
 7 SYSTEMPATH\Boot.php(312): CodeIgniter\CodeIgniter->run()
 8 SYSTEMPATH\Boot.php(67): CodeIgniter\Boot::runCodeIgniter(Object(CodeIgniter\CodeIgniter))
 9 FCPATH\index.php(56): CodeIgniter\Boot::bootWeb(Object(Config\Paths))
CRITICAL - 2024-06-27 23:23:47 --> CodeIgniter\Database\Exceptions\DatabaseException: Deletes are not allowed unless they contain a "where" or "like" clause.
[Method: DELETE, Route: cliente/0]
in SYSTEMPATH\Database\BaseBuilder.php on line 2794.
 1 SYSTEMPATH\Model.php(510): CodeIgniter\Database\BaseBuilder->delete()
 2 SYSTEMPATH\BaseModel.php(1158): CodeIgniter\Model->doDelete('0', false)
 3 APPPATH\Controllers\Cliente.php(150): CodeIgniter\BaseModel->delete('0')
 4 SYSTEMPATH\CodeIgniter.php(933): App\Controllers\Cliente->delete('0')
 5 SYSTEMPATH\CodeIgniter.php(509): CodeIgniter\CodeIgniter->runController(Object(App\Controllers\Cliente))
 6 SYSTEMPATH\CodeIgniter.php(355): CodeIgniter\CodeIgniter->handleRequest(null, Object(Config\Cache), false)
 7 SYSTEMPATH\Boot.php(312): CodeIgniter\CodeIgniter->run()
 8 SYSTEMPATH\Boot.php(67): CodeIgniter\Boot::runCodeIgniter(Object(CodeIgniter\CodeIgniter))
 9 FCPATH\index.php(56): CodeIgniter\Boot::bootWeb(Object(Config\Paths))
CRITICAL - 2024-06-27 23:29:25 --> CodeIgniter\Database\Exceptions\DatabaseException: Deletes are not allowed unless they contain a "where" or "like" clause.
[Method: DELETE, Route: cliente/0]
in SYSTEMPATH\Database\BaseBuilder.php on line 2794.
 1 SYSTEMPATH\Model.php(510): CodeIgniter\Database\BaseBuilder->delete()
 2 SYSTEMPATH\BaseModel.php(1158): CodeIgniter\Model->doDelete('0', false)
 3 APPPATH\Controllers\Cliente.php(150): CodeIgniter\BaseModel->delete('0')
 4 SYSTEMPATH\CodeIgniter.php(933): App\Controllers\Cliente->delete('0')
 5 SYSTEMPATH\CodeIgniter.php(509): CodeIgniter\CodeIgniter->runController(Object(App\Controllers\Cliente))
 6 SYSTEMPATH\CodeIgniter.php(355): CodeIgniter\CodeIgniter->handleRequest(null, Object(Config\Cache), false)
 7 SYSTEMPATH\Boot.php(312): CodeIgniter\CodeIgniter->run()
 8 SYSTEMPATH\Boot.php(67): CodeIgniter\Boot::runCodeIgniter(Object(CodeIgniter\CodeIgniter))
 9 FCPATH\index.php(56): CodeIgniter\Boot::bootWeb(Object(Config\Paths))
ERROR - 2024-06-27 23:29:59 --> mysqli_sql_exception: Duplicate entry '0' for key 'PRIMARY' in C:\xampp\htdocs\almacen\system\Database\MySQLi\Connection.php:308
Stack trace:
#0 C:\xampp\htdocs\almacen\system\Database\MySQLi\Connection.php(308): mysqli->query('INSERT INTO `cl...', 0)
#1 C:\xampp\htdocs\almacen\system\Database\BaseConnection.php(722): CodeIgniter\Database\MySQLi\Connection->execute('INSERT INTO `cl...')
#2 C:\xampp\htdocs\almacen\system\Database\BaseConnection.php(636): CodeIgniter\Database\BaseConnection->simpleQuery('INSERT INTO `cl...')
#3 C:\xampp\htdocs\almacen\system\Database\BaseBuilder.php(2325): CodeIgniter\Database\BaseConnection->query('INSERT INTO `cl...', Array, false)
#4 C:\xampp\htdocs\almacen\system\Model.php(383): CodeIgniter\Database\BaseBuilder->insert()
#5 C:\xampp\htdocs\almacen\system\BaseModel.php(840): CodeIgniter\Model->doInsert(Array)
#6 C:\xampp\htdocs\almacen\system\Model.php(791): CodeIgniter\BaseModel->insert(Array, true)
#7 C:\xampp\htdocs\almacen\app\Controllers\Cliente.php(80): CodeIgniter\Model->insert(Array)
#8 C:\xampp\htdocs\almacen\system\CodeIgniter.php(933): App\Controllers\Cliente->create()
#9 C:\xampp\htdocs\almacen\system\CodeIgniter.php(509): CodeIgniter\CodeIgniter->runController(Object(App\Controllers\Cliente))
#10 C:\xampp\htdocs\almacen\system\CodeIgniter.php(355): CodeIgniter\CodeIgniter->handleRequest(NULL, Object(Config\Cache), false)
#11 C:\xampp\htdocs\almacen\system\Boot.php(312): CodeIgniter\CodeIgniter->run()
#12 C:\xampp\htdocs\almacen\system\Boot.php(67): CodeIgniter\Boot::runCodeIgniter(Object(CodeIgniter\CodeIgniter))
#13 C:\xampp\htdocs\almacen\index.php(56): CodeIgniter\Boot::bootWeb(Object(Config\Paths))
#14 {main}
CRITICAL - 2024-06-27 23:29:59 --> CodeIgniter\Database\Exceptions\DatabaseException: Duplicate entry '0' for key 'PRIMARY'
[Method: POST, Route: cliente]
in SYSTEMPATH\Database\BaseConnection.php on line 676.
 1 SYSTEMPATH\Database\BaseBuilder.php(2325): CodeIgniter\Database\BaseConnection->query('INSERT INTO `cliente` (`DNI`, `Nombre`, `ApellidoPaterno`, `ApellidoMaterno`, `Telefono`) VALUES (:DNI:, :Nombre:, :ApellidoPaterno:, :ApellidoMaterno:, :Telefono:)', [...], false)
 2 SYSTEMPATH\Model.php(383): CodeIgniter\Database\BaseBuilder->insert()
 3 SYSTEMPATH\BaseModel.php(840): CodeIgniter\Model->doInsert([...])
 4 SYSTEMPATH\Model.php(791): CodeIgniter\BaseModel->insert([...], true)
 5 APPPATH\Controllers\Cliente.php(80): CodeIgniter\Model->insert([...])
 6 SYSTEMPATH\CodeIgniter.php(933): App\Controllers\Cliente->create()
 7 SYSTEMPATH\CodeIgniter.php(509): CodeIgniter\CodeIgniter->runController(Object(App\Controllers\Cliente))
 8 SYSTEMPATH\CodeIgniter.php(355): CodeIgniter\CodeIgniter->handleRequest(null, Object(Config\Cache), false)
 9 SYSTEMPATH\Boot.php(312): CodeIgniter\CodeIgniter->run()
10 SYSTEMPATH\Boot.php(67): CodeIgniter\Boot::runCodeIgniter(Object(CodeIgniter\CodeIgniter))
11 FCPATH\index.php(56): CodeIgniter\Boot::bootWeb(Object(Config\Paths))
CRITICAL - 2024-06-27 23:29:59 --> [Caused by] CodeIgniter\Database\Exceptions\DatabaseException: Duplicate entry '0' for key 'PRIMARY'
in SYSTEMPATH\Database\MySQLi\Connection.php on line 313.
 1 SYSTEMPATH\Database\BaseConnection.php(722): CodeIgniter\Database\MySQLi\Connection->execute('INSERT INTO `cliente` (`DNI`, `Nombre`, `ApellidoPaterno`, `ApellidoMaterno`, `Telefono`) VALUES (\'123454357\', \'el brayan\', \'vela\', \'vela\', \'986\')')
 2 SYSTEMPATH\Database\BaseConnection.php(636): CodeIgniter\Database\BaseConnection->simpleQuery('INSERT INTO `cliente` (`DNI`, `Nombre`, `ApellidoPaterno`, `ApellidoMaterno`, `Telefono`) VALUES (\'123454357\', \'el brayan\', \'vela\', \'vela\', \'986\')')
 3 SYSTEMPATH\Database\BaseBuilder.php(2325): CodeIgniter\Database\BaseConnection->query('INSERT INTO `cliente` (`DNI`, `Nombre`, `ApellidoPaterno`, `ApellidoMaterno`, `Telefono`) VALUES (:DNI:, :Nombre:, :ApellidoPaterno:, :ApellidoMaterno:, :Telefono:)', [...], false)
 4 SYSTEMPATH\Model.php(383): CodeIgniter\Database\BaseBuilder->insert()
 5 SYSTEMPATH\BaseModel.php(840): CodeIgniter\Model->doInsert([...])
 6 SYSTEMPATH\Model.php(791): CodeIgniter\BaseModel->insert([...], true)
 7 APPPATH\Controllers\Cliente.php(80): CodeIgniter\Model->insert([...])
 8 SYSTEMPATH\CodeIgniter.php(933): App\Controllers\Cliente->create()
 9 SYSTEMPATH\CodeIgniter.php(509): CodeIgniter\CodeIgniter->runController(Object(App\Controllers\Cliente))
10 SYSTEMPATH\CodeIgniter.php(355): CodeIgniter\CodeIgniter->handleRequest(null, Object(Config\Cache), false)
11 SYSTEMPATH\Boot.php(312): CodeIgniter\CodeIgniter->run()
12 SYSTEMPATH\Boot.php(67): CodeIgniter\Boot::runCodeIgniter(Object(CodeIgniter\CodeIgniter))
13 FCPATH\index.php(56): CodeIgniter\Boot::bootWeb(Object(Config\Paths))
CRITICAL - 2024-06-27 23:29:59 --> [Caused by] mysqli_sql_exception: Duplicate entry '0' for key 'PRIMARY'
in SYSTEMPATH\Database\MySQLi\Connection.php on line 308.
 1 SYSTEMPATH\Database\MySQLi\Connection.php(308): mysqli->query('INSERT INTO `cliente` (`DNI`, `Nombre`, `ApellidoPaterno`, `ApellidoMaterno`, `Telefono`) VALUES (\'123454357\', \'el brayan\', \'vela\', \'vela\', \'986\')', 0)
 2 SYSTEMPATH\Database\BaseConnection.php(722): CodeIgniter\Database\MySQLi\Connection->execute('INSERT INTO `cliente` (`DNI`, `Nombre`, `ApellidoPaterno`, `ApellidoMaterno`, `Telefono`) VALUES (\'123454357\', \'el brayan\', \'vela\', \'vela\', \'986\')')
 3 SYSTEMPATH\Database\BaseConnection.php(636): CodeIgniter\Database\BaseConnection->simpleQuery('INSERT INTO `cliente` (`DNI`, `Nombre`, `ApellidoPaterno`, `ApellidoMaterno`, `Telefono`) VALUES (\'123454357\', \'el brayan\', \'vela\', \'vela\', \'986\')')
 4 SYSTEMPATH\Database\BaseBuilder.php(2325): CodeIgniter\Database\BaseConnection->query('INSERT INTO `cliente` (`DNI`, `Nombre`, `ApellidoPaterno`, `ApellidoMaterno`, `Telefono`) VALUES (:DNI:, :Nombre:, :ApellidoPaterno:, :ApellidoMaterno:, :Telefono:)', [...], false)
 5 SYSTEMPATH\Model.php(383): CodeIgniter\Database\BaseBuilder->insert()
 6 SYSTEMPATH\BaseModel.php(840): CodeIgniter\Model->doInsert([...])
 7 SYSTEMPATH\Model.php(791): CodeIgniter\BaseModel->insert([...], true)
 8 APPPATH\Controllers\Cliente.php(80): CodeIgniter\Model->insert([...])
 9 SYSTEMPATH\CodeIgniter.php(933): App\Controllers\Cliente->create()
10 SYSTEMPATH\CodeIgniter.php(509): CodeIgniter\CodeIgniter->runController(Object(App\Controllers\Cliente))
11 SYSTEMPATH\CodeIgniter.php(355): CodeIgniter\CodeIgniter->handleRequest(null, Object(Config\Cache), false)
12 SYSTEMPATH\Boot.php(312): CodeIgniter\CodeIgniter->run()
13 SYSTEMPATH\Boot.php(67): CodeIgniter\Boot::runCodeIgniter(Object(CodeIgniter\CodeIgniter))
14 FCPATH\index.php(56): CodeIgniter\Boot::bootWeb(Object(Config\Paths))
